Checking for NVIDIA GPU ... none
Checking for Magma license
Starting AVX version of Magma
Magma V2.28-11    Sun Apr  6 2025 22:50:39 on wurc1    [Seed = 3190465248]

+-------------------------------------------------------------------+
|       This copy of Magma has been made available through a        |
|                   generous initiative of the                      |
|                                                                   |
|                         Simons Foundation                         |
|                                                                   |
| covering U.S. Colleges, Universities, Nonprofit Research entities,|
|               and their students, faculty, and staff              |
+-------------------------------------------------------------------+

Type ? for help.  Type <Ctrl>-D to quit.

Loading file "20250406.m"
Using 6 threads
Wrote 1025 traces to file temp_3180143
Processed 1025 primes in 0.031 seconds (0.030 ms/prime) using 0.000 MB (VM peak 0.696 GB)
y^3=x^4+160x^2-512x+3328:3:3:4:13:-1:1:0.031:1025:0.030:712.461:3908631:1021093:0.507:[0.9,4.5,35.1]
0.144 MB memory peak usage (of which 0.000 MB is in zz, excluding 16.000 MB fixed overhead)

Using L-polynomials at the (ordinary) primes
[ 29, 43, 71, 113, 127, 197, 211, 239, 281, 337, 379, 421, 449, 463, 491, 547, 617, 631, 659, 673, 701, 743, 757, 827, 883, 911, 953, 967, 1009, 1051, 1093, 1163, 1289, 1303, 1373, 1429, 1471, 1499, 1583, 1597, 1667, 1709, 1723, 1877, 1933, 2003, 2017, 2087, 2129, 2143, 2213, 2269, 2297, 2311, 2339, 2381, 2423, 2437, 2521, 2549, 2591, 2633, 2647, 2689, 2731, 2801, 2843, 2857, 2927, 2969, 3011, 3067, 3109, 3137, 3221, 3319, 3347, 3361, 3389, 3529, 3557, 3571, 3613, 3697, 3739, 3767, 3823, 3851, 3907, 4019, 4159, 4201, 4229, 4243, 4271, 4327, 4397, 4481, 4523, 4621, 4649, 4663, 4691, 4733, 4789, 4817, 4831, 4943, 4957, 4999, 5153, 5167, 5209, 5237, 5279, 5419, 5503, 5531, 5573, 5657, 5741, 5783, 5839, 5867, 5881, 5923, 6007, 6091, 6133, 6203, 6217, 6287, 6301, 6329, 6343, 6427, 6469, 6553, 6581, 6637, 6679, 6763, 6791, 6833, 6917, 6959, 7001, 7043, 7057, 7127, 7211, 7253, 7309, 7351, 7393, 7477, 7547, 7561, 7589, 7603, 7673, 7687, 7757, 7841, 7883, 8009, 8093, 8191 ]

Orders of the characters generating the Hecke character group:
[ 6, 6, 6, 6 ]
Charpol at p=29 has roots [ <3, 2>, <5, 2>, <6, 2> ] over F_7
29 648
Charpol at p=43 has roots [ <1, 2>, <6, 4> ] over F_7
43 216
Charpol at p=71 has roots [ <1, 4>, <6, 2> ] over F_7
71 216
Charpol at p=113 has roots [ <6, 6> ] over F_7
113 72
Charpol at p=127 has roots [ <1, 2>, <2, 1>, <4, 1>, <6, 2> ] over F_7
127 48
Charpol at p=197 has roots [ <6, 6> ] over F_7
197 48
Charpol at p=211 has roots [ <1, 2>, <2, 1>, <3, 1>, <4, 1>, <5, 1> ] over F_7
211 40
Charpol at p=239 has roots [ <1, 4>, <6, 2> ] over F_7
239 40
Charpol at p=281 has roots [ <3, 2>, <5, 2>, <6, 2> ] over F_7
281 40
Charpol at p=337 has roots [ <2, 1>, <3, 2>, <4, 1>, <5, 2> ] over F_7
337 28
Charpol at p=379 has roots [ <2, 2>, <3, 1>, <4, 2>, <5, 1> ] over F_7
379 28
Charpol at p=421 has roots [ <2, 1>, <3, 2>, <4, 1>, <5, 2> ] over F_7
421 20
Charpol at p=449 has roots [ <6, 6> ] over F_7
449 20
Charpol at p=463 has roots [ <2, 2>, <3, 1>, <4, 2>, <5, 1> ] over F_7
463 20
Charpol at p=491 has roots [ <1, 4>, <6, 2> ] over F_7
491 20
Charpol at p=547 has roots [ <2, 2>, <3, 1>, <4, 2>, <5, 1> ] over F_7
547 16
Charpol at p=617 has roots [ <6, 6> ] over F_7
617 16
Charpol at p=631 has roots [ <2, 1>, <3, 1>, <4, 1>, <5, 1>, <6, 2> ] over F_7
631 16
Charpol at p=659 has roots [ <1, 4>, <6, 2> ] over F_7
659 16
Charpol at p=673 has roots [ <2, 3>, <4, 3> ] over F_7
673 8
Charpol at p=701 has roots [ <3, 2>, <5, 2>, <6, 2> ] over F_7
701 8
Charpol at p=743 has roots [ <1, 4>, <6, 2> ] over F_7
743 8
Charpol at p=757 has roots [ <2, 1>, <3, 2>, <4, 1>, <5, 2> ] over F_7
757 8
Charpol at p=827 has roots [ <1, 4>, <6, 2> ] over F_7
827 8
Charpol at p=883 has roots [ <2, 1>, <3, 1>, <4, 1>, <5, 1>, <6, 2> ] over F_7
883 8
Charpol at p=911 has roots [ <1, 4>, <6, 2> ] over F_7
911 8
Charpol at p=953 has roots [ <6, 6> ] over F_7
953 8
Charpol at p=967 has roots [ <1, 2>, <2, 1>, <3, 1>, <4, 1>, <5, 1> ] over F_7
967 8
Charpol at p=1009 has roots [ <2, 1>, <3, 2>, <4, 1>, <5, 2> ] over F_7
1009 8
Charpol at p=1051 has roots [ <1, 2>, <6, 4> ] over F_7
1051 8
Charpol at p=1093 has roots [ <6, 6> ] over F_7
1093 4
Charpol at p=1163 has roots [ <1, 4>, <6, 2> ] over F_7
1163 4
Charpol at p=1289 has roots [ <6, 6> ] over F_7
1289 4
Charpol at p=1303 has roots [ <2, 1>, <3, 1>, <4, 1>, <5, 1>, <6, 2> ] over F_7
1303 4
Charpol at p=1373 has roots [ <6, 6> ] over F_7
1373 4
Charpol at p=1429 has roots [ <2, 2>, <4, 2>, <6, 2> ] over F_7
1429 4
Charpol at p=1471 has roots [ <1, 4>, <6, 2> ] over F_7
1471 4
Charpol at p=1499 has roots [ <1, 4>, <6, 2> ] over F_7
1499 4
Charpol at p=1583 has roots [ <1, 4>, <6, 2> ] over F_7
1583 4
Charpol at p=1597 has roots [ <2, 1>, <4, 1>, <6, 4> ] over F_7
1597 4
Charpol at p=1667 has roots [ <1, 4>, <6, 2> ] over F_7
1667 4
Charpol at p=1709 has roots [ <6, 6> ] over F_7
1709 4
Charpol at p=1723 has roots [ <1, 4>, <6, 2> ] over F_7
1723 4
Charpol at p=1877 has roots [ <6, 6> ] over F_7
1877 4
Charpol at p=1933 has roots [ <1, 4>, <3, 1>, <5, 1> ] over F_7
1933 4
Charpol at p=2003 has roots [ <1, 4>, <6, 2> ] over F_7
2003 4
Charpol at p=2017 has roots [ <2, 1>, <4, 1>, <6, 4> ] over F_7
2017 4
Charpol at p=2087 has roots [ <1, 4>, <6, 2> ] over F_7
2087 4
Charpol at p=2129 has roots [ <6, 6> ] over F_7
2129 4
Charpol at p=2143 has roots [ <1, 2>, <3, 1>, <5, 1>, <6, 2> ] over F_7
2143 4
Charpol at p=2213 has roots [ <6, 6> ] over F_7
2213 4
Charpol at p=2269 has roots [ <2, 3>, <4, 3> ] over F_7
2269 4
Charpol at p=2297 has roots [ <6, 6> ] over F_7
2297 4
Charpol at p=2311 has roots [ <1, 2>, <2, 1>, <3, 1>, <4, 1>, <5, 1> ] over F_7
2311 4
Charpol at p=2339 has roots [ <1, 4>, <6, 2> ] over F_7
2339 4
Charpol at p=2381 has roots [ <6, 6> ] over F_7
2381 4
Charpol at p=2423 has roots [ <1, 4>, <6, 2> ] over F_7
2423 4
Charpol at p=2437 has roots [ <2, 2>, <3, 1>, <4, 2>, <5, 1> ] over F_7
2437 4
Charpol at p=2521 has roots [ <2, 2>, <4, 2>, <6, 2> ] over F_7
2521 4
Charpol at p=2549 has roots [ <6, 6> ] over F_7
2549 4
Charpol at p=2591 has roots [ <1, 4>, <6, 2> ] over F_7
2591 4
Charpol at p=2633 has roots [ <6, 6> ] over F_7
2633 4
Charpol at p=2647 has roots [ <2, 1>, <3, 2>, <4, 1>, <5, 2> ] over F_7
2647 4
Charpol at p=2689 has roots [ <2, 1>, <4, 1>, <6, 4> ] over F_7
2689 4
Charpol at p=2731 has roots [ <1, 2>, <3, 1>, <5, 1>, <6, 2> ] over F_7
2731 4
Charpol at p=2801 has roots [ <6, 6> ] over F_7
2801 4
Charpol at p=2843 has roots [ <1, 4>, <6, 2> ] over F_7
2843 4
Charpol at p=2857 has roots [ <3, 3>, <5, 3> ] over F_7
2857 4
Charpol at p=2927 has roots [ <1, 4>, <6, 2> ] over F_7
2927 4
Charpol at p=2969 has roots [ <6, 6> ] over F_7
2969 4
Charpol at p=3011 has roots [ <1, 4>, <6, 2> ] over F_7
3011 4
Charpol at p=3067 has roots [ <1, 2>, <2, 1>, <3, 1>, <4, 1>, <5, 1> ] over F_7
3067 4
Charpol at p=3109 has roots [ <2, 3>, <4, 3> ] over F_7
3109 4
Charpol at p=3137 has roots [ <6, 6> ] over F_7
3137 4
Charpol at p=3221 has roots [ <6, 6> ] over F_7
3221 4
Charpol at p=3319 has roots [ <2, 2>, <3, 1>, <4, 2>, <5, 1> ] over F_7
3319 4
Charpol at p=3347 has roots [ <1, 4>, <6, 2> ] over F_7
3347 4
Charpol at p=3361 has roots [ <3, 3>, <5, 3> ] over F_7
3361 4
Charpol at p=3389 has roots [ <6, 6> ] over F_7
3389 4
Charpol at p=3529 has roots [ <2, 2>, <4, 2>, <6, 2> ] over F_7
3529 4
Charpol at p=3557 has roots [ <6, 6> ] over F_7
3557 4
Charpol at p=3571 has roots [ <2, 1>, <3, 2>, <4, 1>, <5, 2> ] over F_7
3571 4
Charpol at p=3613 has roots [ <2, 3>, <4, 3> ] over F_7
3613 4
Charpol at p=3697 has roots [ <1, 2>, <2, 2>, <4, 2> ] over F_7
3697 4
Charpol at p=3739 has roots [ <2, 2>, <3, 1>, <4, 2>, <5, 1> ] over F_7
3739 4
Charpol at p=3767 has roots [ <1, 4>, <6, 2> ] over F_7
3767 4
Charpol at p=3823 has roots [ <1, 2>, <6, 4> ] over F_7
3823 4
Charpol at p=3851 has roots [ <1, 4>, <6, 2> ] over F_7
3851 4
Charpol at p=3907 has roots [ <1, 2>, <2, 1>, <3, 1>, <4, 1>, <5, 1> ] over F_7
3907 4
Charpol at p=4019 has roots [ <1, 4>, <6, 2> ] over F_7
4019 4
Charpol at p=4159 has roots [ <2, 1>, <3, 2>, <4, 1>, <5, 2> ] over F_7
4159 4
Charpol at p=4201 has roots [ <1, 2>, <3, 2>, <5, 2> ] over F_7
4201 4
Charpol at p=4229 has roots [ <6, 6> ] over F_7
4229 4
Charpol at p=4243 has roots [ <1, 2>, <2, 1>, <3, 1>, <4, 1>, <5, 1> ] over F_7
4243 4
Charpol at p=4271 has roots [ <1, 4>, <6, 2> ] over F_7
4271 4
Charpol at p=4327 has roots [ <2, 1>, <3, 2>, <4, 1>, <5, 2> ] over F_7
4327 4
Charpol at p=4397 has roots [ <6, 6> ] over F_7
4397 4
Charpol at p=4481 has roots [ <6, 6> ] over F_7
4481 4
Charpol at p=4523 has roots [ <1, 4>, <6, 2> ] over F_7
4523 4
Charpol at p=4621 has roots [ <2, 2>, <4, 2>, <6, 2> ] over F_7
4621 4
Charpol at p=4649 has roots [ <6, 6> ] over F_7
4649 4
Charpol at p=4663 has roots [ <1, 2>, <2, 1>, <4, 1>, <6, 2> ] over F_7
4663 4
Charpol at p=4691 has roots [ <1, 4>, <6, 2> ] over F_7
4691 4
Charpol at p=4733 has roots [ <6, 6> ] over F_7
4733 4
Charpol at p=4789 has roots [ <2, 2>, <4, 2>, <6, 2> ] over F_7
4789 4
Charpol at p=4817 has roots [ <6, 6> ] over F_7
4817 4
Charpol at p=4831 has roots [ <2, 2>, <3, 1>, <4, 2>, <5, 1> ] over F_7
4831 4
Charpol at p=4943 has roots [ <1, 4>, <6, 2> ] over F_7
4943 4
Charpol at p=4957 has roots [ <2, 1>, <3, 2>, <4, 1>, <5, 2> ] over F_7
4957 4
Charpol at p=4999 has roots [ <2, 2>, <3, 1>, <4, 2>, <5, 1> ] over F_7
4999 4
Charpol at p=5153 has roots [ <6, 6> ] over F_7
5153 4
Charpol at p=5167 has roots [ <1, 2>, <2, 1>, <4, 1>, <6, 2> ] over F_7
5167 4
Charpol at p=5209 has roots [ <1, 4>, <6, 2> ] over F_7
5209 4
Charpol at p=5237 has roots [ <6, 6> ] over F_7
5237 4
Charpol at p=5279 has roots [ <1, 4>, <6, 2> ] over F_7
5279 4
Charpol at p=5419 has roots [ <1, 2>, <3, 1>, <5, 1>, <6, 2> ] over F_7
5419 4
Charpol at p=5503 has roots [ <1, 4>, <6, 2> ] over F_7
5503 4
Charpol at p=5531 has roots [ <1, 4>, <6, 2> ] over F_7
5531 4
Charpol at p=5573 has roots [ <6, 6> ] over F_7
5573 4
Charpol at p=5657 has roots [ <6, 6> ] over F_7
5657 4
Charpol at p=5741 has roots [ <6, 6> ] over F_7
5741 4
Charpol at p=5783 has roots [ <1, 4>, <6, 2> ] over F_7
5783 4
Charpol at p=5839 has roots [ <2, 1>, <3, 1>, <4, 1>, <5, 1>, <6, 2> ] over F_7
5839 4
Charpol at p=5867 has roots [ <1, 4>, <6, 2> ] over F_7
5867 4
Charpol at p=5881 has roots [ <1, 2>, <3, 2>, <5, 2> ] over F_7
5881 4
Charpol at p=5923 has roots [ <2, 1>, <3, 2>, <4, 1>, <5, 2> ] over F_7
5923 4
Charpol at p=6007 has roots [ <1, 2>, <3, 1>, <5, 1>, <6, 2> ] over F_7
6007 4
Charpol at p=6091 has roots [ <1, 2>, <2, 1>, <4, 1>, <6, 2> ] over F_7
6091 4
Charpol at p=6133 has roots [ <1, 4>, <2, 1>, <4, 1> ] over F_7
6133 4
Charpol at p=6203 has roots [ <1, 4>, <6, 2> ] over F_7
6203 4
Charpol at p=6217 has roots [ <1, 2>, <6, 4> ] over F_7
6217 4
Charpol at p=6287 has roots [ <1, 4>, <6, 2> ] over F_7
6287 4
Charpol at p=6301 has roots [ <2, 1>, <4, 1>, <6, 4> ] over F_7
6301 4
Charpol at p=6329 has roots [ <6, 6> ] over F_7
6329 4
Charpol at p=6343 has roots [ <2, 2>, <3, 1>, <4, 2>, <5, 1> ] over F_7
6343 4
Charpol at p=6427 has roots [ <1, 2>, <3, 1>, <5, 1>, <6, 2> ] over F_7
6427 4
Charpol at p=6469 has roots [ <2, 1>, <3, 2>, <4, 1>, <5, 2> ] over F_7
6469 4
Charpol at p=6553 has roots [ <2, 3>, <4, 3> ] over F_7
6553 4
Charpol at p=6581 has roots [ <6, 6> ] over F_7
6581 4
Charpol at p=6637 has roots [ <1, 2>, <2, 2>, <4, 2> ] over F_7
6637 4
Charpol at p=6679 has roots [ <1, 2>, <2, 1>, <4, 1>, <6, 2> ] over F_7
6679 4
Charpol at p=6763 has roots [ <2, 1>, <3, 1>, <4, 1>, <5, 1>, <6, 2> ] over F_7
6763 4
Charpol at p=6791 has roots [ <1, 4>, <6, 2> ] over F_7
6791 4
Charpol at p=6833 has roots [ <6, 6> ] over F_7
6833 4
Charpol at p=6917 has roots [ <6, 6> ] over F_7
6917 4
Charpol at p=6959 has roots [ <1, 4>, <6, 2> ] over F_7
6959 4
Charpol at p=7001 has roots [ <6, 6> ] over F_7
7001 4
Charpol at p=7043 has roots [ <1, 4>, <6, 2> ] over F_7
7043 4
Charpol at p=7057 has roots [ <1, 4>, <6, 2> ] over F_7
7057 4
Charpol at p=7127 has roots [ <1, 4>, <6, 2> ] over F_7
7127 4
Charpol at p=7211 has roots [ <1, 4>, <6, 2> ] over F_7
7211 4
Charpol at p=7253 has roots [ <6, 6> ] over F_7
7253 4
Charpol at p=7309 has roots [ <2, 3>, <4, 3> ] over F_7
7309 4
Charpol at p=7351 has roots [ <2, 1>, <3, 1>, <4, 1>, <5, 1>, <6, 2> ] over F_7
7351 4
Charpol at p=7393 has roots [ <2, 3>, <4, 3> ] over F_7
7393 4
Charpol at p=7477 has roots [ <3, 2>, <5, 2>, <6, 2> ] over F_7
7477 4
Charpol at p=7547 has roots [ <1, 4>, <6, 2> ] over F_7
7547 4
Charpol at p=7561 has roots [ <3, 3>, <5, 3> ] over F_7
7561 4
Charpol at p=7589 has roots [ <6, 6> ] over F_7
7589 4
Charpol at p=7603 has roots [ <2, 2>, <3, 1>, <4, 2>, <5, 1> ] over F_7
7603 4
Charpol at p=7673 has roots [ <6, 6> ] over F_7
7673 4
Charpol at p=7687 has roots [ <2, 2>, <3, 1>, <4, 2>, <5, 1> ] over F_7
7687 4
Charpol at p=7757 has roots [ <6, 6> ] over F_7
7757 4
Charpol at p=7841 has roots [ <6, 6> ] over F_7
7841 4
Charpol at p=7883 has roots [ <1, 4>, <6, 2> ] over F_7
7883 4
Charpol at p=8009 has roots [ <6, 6> ] over F_7
8009 4
Charpol at p=8093 has roots [ <6, 6> ] over F_7
8093 4
Charpol at p=8191 has roots [ <1, 2>, <2, 1>, <4, 1>, <6, 2> ] over F_7
8191 4
Checked 168 primes, up to <8191, t^6 + t^5 + 6*t^4 + 5*t^3 + 6*t^2 + t + 1>
Based on the L-polynomials at ORDINARY primes, only the following characters COULD appear as subquotients of rhobar_7:
Found 4 potential characters. Every Lpoly (factor) used has at least 6 linear factors over F_7.
Found 4 characters:

Character 1:
  - Conductor norm: 144
  - Order: 6
  - Values at primes:
    p = 211: <4, 5>
    p = 5279: <1>
    p = 4649: <6>
    p = 7603: <3, 2>
    p = 7393: <2, 4>
    p = 4229: <6>
    p = 4019: <1>
    p = 6763: <3, 2>
    p = 6553: <2, 4>
    p = 3389: <6>
    p = 6343: <2, 3>
    p = 6133: <1, 1>
    p = 2969: <6>
    p = 5923: <4, 5>
    p = 2549: <6>
    p = 5503: <1, 6>
    p = 2339: <1>
    p = 2129: <6>
    p = 1709: <6>
    p = 4663: <6, 1>
    p = 1499: <1>
    p = 1289: <6>
    p = 4243: <5, 4>
    p = 3823: <6, 1>
    p = 659: <1>
    p = 3613: <4, 2>
    p = 449: <6>
    p = 239: <1>
    p = 29: <6>
    p = 2143: <1, 6>
    p = 1933: <1, 1>
    p = 7841: <6>
    p = 1723: <1, 6>
    p = 1303: <3, 2>
    p = 7211: <1>
    p = 1093: <6, 6>
    p = 7001: <6>
    p = 883: <4, 5>
    p = 6791: <1>
    p = 673: <4, 2>
    p = 6581: <6>
    p = 463: <5, 4>
    p = 43: <6, 1>
    p = 5741: <6>
    p = 5531: <1>
    p = 4691: <1>
    p = 4481: <6>
    p = 4271: <1>
    p = 3851: <1>
    p = 3221: <6>
    p = 3011: <1>
    p = 2801: <6>
    p = 2591: <1>
    p = 2381: <6>
    p = 911: <1>
    p = 701: <6>
    p = 491: <1>
    p = 281: <6>
    p = 71: <1>
    p = 8093: <6>
    p = 7883: <1>
    p = 7673: <6>
    p = 7253: <6>
    p = 7043: <1>
    p = 6833: <6>
    p = 6203: <1>
    p = 5783: <1>
    p = 5573: <6>
    p = 5153: <6>
    p = 4943: <1>
    p = 4733: <6>
    p = 7687: <5, 4>
    p = 4523: <1>
    p = 7477: <5, 3>
    p = 7057: <1, 1>
    p = 6637: <4, 2>
    p = 6427: <6, 1>
    p = 6217: <6, 6>
    p = 6007: <1, 6>
    p = 2843: <1>
    p = 2633: <6>
    p = 2423: <1>
    p = 2213: <6>
    p = 5167: <6, 1>
    p = 4957: <3, 5>
    p = 2003: <1>
    p = 1583: <1>
    p = 4327: <3, 2>
    p = 1373: <6>
    p = 1163: <1>
    p = 953: <6>
    p = 3907: <4, 5>
    p = 3697: <4, 2>
    p = 743: <1>
    p = 3067: <3, 2>
    p = 113: <6>
    p = 2857: <3, 5>
    p = 2647: <3, 2>
    p = 2437: <4, 2>
    p = 2017: <6, 6>
    p = 1597: <6, 6>
    p = 967: <2, 3>
    p = 757: <5, 3>
    p = 547: <5, 4>
    p = 337: <5, 3>
    p = 127: <1, 6>
    p = 7309: <4, 2>
    p = 6679: <6, 1>
    p = 6469: <3, 5>
    p = 5839: <5, 4>
    p = 5419: <1, 6>
    p = 5209: <1, 1>
    p = 4999: <2, 3>
    p = 4789: <4, 2>
    p = 4159: <5, 4>
    p = 3739: <3, 2>
    p = 3529: <2, 4>
    p = 3319: <5, 4>
    p = 3109: <4, 2>
    p = 2689: <6, 6>
    p = 2269: <4, 2>
    p = 7757: <6>
    p = 7547: <1>
    p = 1429: <4, 2>
    p = 7127: <1>
    p = 1009: <5, 3>
    p = 6917: <6>
    p = 379: <3, 2>
    p = 6287: <1>
    p = 5867: <1>
    p = 5657: <6>
    p = 5237: <6>
    p = 8191: <6, 1>
    p = 4817: <6>
    p = 7561: <3, 5>
    p = 4397: <6>
    p = 7351: <5, 4>
    p = 3767: <1>
    p = 3557: <6>
    p = 3347: <1>
    p = 6301: <6, 6>
    p = 3137: <6>
    p = 6091: <6, 1>
    p = 2927: <1>
    p = 5881: <3, 5>
    p = 2297: <6>
    p = 2087: <1>
    p = 4831: <5, 4>
    p = 1877: <6>
    p = 1667: <1>
    p = 4621: <4, 2>
    p = 4201: <5, 3>
    p = 827: <1>
    p = 3571: <4, 5>
    p = 617: <6>
    p = 3361: <5, 3>
    p = 197: <6>
    p = 2731: <6, 1>
    p = 2521: <4, 2>
    p = 2311: <2, 3>
    p = 8009: <6>
    p = 7589: <6>
    p = 1471: <1, 6>
    p = 1051: <6, 1>
    p = 6959: <1>
    p = 631: <2, 3>
    p = 421: <3, 5>
    p = 6329: <6>

Character 2:
  - Conductor norm: 144
  - Order: 6
  - Values at primes:
    p = 211: <2, 3>
    p = 5279: <1>
    p = 4649: <6>
    p = 7603: <5, 4>
    p = 7393: <4, 2>
    p = 4229: <6>
    p = 4019: <1>
    p = 6763: <5, 4>
    p = 6553: <4, 2>
    p = 3389: <6>
    p = 6343: <4, 5>
    p = 6133: <1, 1>
    p = 2969: <6>
    p = 5923: <2, 3>
    p = 2549: <6>
    p = 5503: <1, 6>
    p = 2339: <1>
    p = 2129: <6>
    p = 1709: <6>
    p = 4663: <6, 1>
    p = 1499: <1>
    p = 1289: <6>
    p = 4243: <3, 2>
    p = 3823: <6, 1>
    p = 659: <1>
    p = 3613: <2, 4>
    p = 449: <6>
    p = 239: <1>
    p = 29: <6>
    p = 2143: <1, 6>
    p = 1933: <1, 1>
    p = 7841: <6>
    p = 1723: <1, 6>
    p = 1303: <5, 4>
    p = 7211: <1>
    p = 1093: <6, 6>
    p = 7001: <6>
    p = 883: <2, 3>
    p = 6791: <1>
    p = 673: <2, 4>
    p = 6581: <6>
    p = 463: <3, 2>
    p = 43: <6, 1>
    p = 5741: <6>
    p = 5531: <1>
    p = 4691: <1>
    p = 4481: <6>
    p = 4271: <1>
    p = 3851: <1>
    p = 3221: <6>
    p = 3011: <1>
    p = 2801: <6>
    p = 2591: <1>
    p = 2381: <6>
    p = 911: <1>
    p = 701: <6>
    p = 491: <1>
    p = 281: <6>
    p = 71: <1>
    p = 8093: <6>
    p = 7883: <1>
    p = 7673: <6>
    p = 7253: <6>
    p = 7043: <1>
    p = 6833: <6>
    p = 6203: <1>
    p = 5783: <1>
    p = 5573: <6>
    p = 5153: <6>
    p = 4943: <1>
    p = 4733: <6>
    p = 7687: <3, 2>
    p = 4523: <1>
    p = 7477: <3, 5>
    p = 7057: <1, 1>
    p = 6637: <2, 4>
    p = 6427: <6, 1>
    p = 6217: <6, 6>
    p = 6007: <1, 6>
    p = 2843: <1>
    p = 2633: <6>
    p = 2423: <1>
    p = 2213: <6>
    p = 5167: <6, 1>
    p = 4957: <5, 3>
    p = 2003: <1>
    p = 1583: <1>
    p = 4327: <5, 4>
    p = 1373: <6>
    p = 1163: <1>
    p = 953: <6>
    p = 3907: <2, 3>
    p = 3697: <2, 4>
    p = 743: <1>
    p = 3067: <5, 4>
    p = 113: <6>
    p = 2857: <5, 3>
    p = 2647: <5, 4>
    p = 2437: <2, 4>
    p = 2017: <6, 6>
    p = 1597: <6, 6>
    p = 967: <4, 5>
    p = 757: <3, 5>
    p = 547: <3, 2>
    p = 337: <3, 5>
    p = 127: <1, 6>
    p = 7309: <2, 4>
    p = 6679: <6, 1>
    p = 6469: <5, 3>
    p = 5839: <3, 2>
    p = 5419: <1, 6>
    p = 5209: <1, 1>
    p = 4999: <4, 5>
    p = 4789: <2, 4>
    p = 4159: <3, 2>
    p = 3739: <5, 4>
    p = 3529: <4, 2>
    p = 3319: <3, 2>
    p = 3109: <2, 4>
    p = 2689: <6, 6>
    p = 2269: <2, 4>
    p = 7757: <6>
    p = 7547: <1>
    p = 1429: <2, 4>
    p = 7127: <1>
    p = 1009: <3, 5>
    p = 6917: <6>
    p = 379: <5, 4>
    p = 6287: <1>
    p = 5867: <1>
    p = 5657: <6>
    p = 5237: <6>
    p = 8191: <6, 1>
    p = 4817: <6>
    p = 7561: <5, 3>
    p = 4397: <6>
    p = 7351: <3, 2>
    p = 3767: <1>
    p = 3557: <6>
    p = 3347: <1>
    p = 6301: <6, 6>
    p = 3137: <6>
    p = 6091: <6, 1>
    p = 2927: <1>
    p = 5881: <5, 3>
    p = 2297: <6>
    p = 2087: <1>
    p = 4831: <3, 2>
    p = 1877: <6>
    p = 1667: <1>
    p = 4621: <2, 4>
    p = 4201: <3, 5>
    p = 827: <1>
    p = 3571: <2, 3>
    p = 617: <6>
    p = 3361: <3, 5>
    p = 197: <6>
    p = 2731: <6, 1>
    p = 2521: <2, 4>
    p = 2311: <4, 5>
    p = 8009: <6>
    p = 7589: <6>
    p = 1471: <1, 6>
    p = 1051: <6, 1>
    p = 6959: <1>
    p = 631: <4, 5>
    p = 421: <5, 3>
    p = 6329: <6>

Character 3:
  - Conductor norm: 144
  - Order: 6
  - Values at primes:
    p = 211: <3, 2>
    p = 5279: <1>
    p = 4649: <6>
    p = 7603: <4, 5>
    p = 7393: <2, 4>
    p = 4229: <6>
    p = 4019: <1>
    p = 6763: <4, 5>
    p = 6553: <2, 4>
    p = 3389: <6>
    p = 6343: <5, 4>
    p = 6133: <1, 1>
    p = 2969: <6>
    p = 5923: <3, 2>
    p = 2549: <6>
    p = 5503: <6, 1>
    p = 2339: <1>
    p = 2129: <6>
    p = 1709: <6>
    p = 4663: <1, 6>
    p = 1499: <1>
    p = 1289: <6>
    p = 4243: <2, 3>
    p = 3823: <1, 6>
    p = 659: <1>
    p = 3613: <4, 2>
    p = 449: <6>
    p = 239: <1>
    p = 29: <6>
    p = 2143: <6, 1>
    p = 1933: <1, 1>
    p = 7841: <6>
    p = 1723: <6, 1>
    p = 1303: <4, 5>
    p = 7211: <1>
    p = 1093: <6, 6>
    p = 7001: <6>
    p = 883: <3, 2>
    p = 6791: <1>
    p = 673: <4, 2>
    p = 6581: <6>
    p = 463: <2, 3>
    p = 43: <1, 6>
    p = 5741: <6>
    p = 5531: <1>
    p = 4691: <1>
    p = 4481: <6>
    p = 4271: <1>
    p = 3851: <1>
    p = 3221: <6>
    p = 3011: <1>
    p = 2801: <6>
    p = 2591: <1>
    p = 2381: <6>
    p = 911: <1>
    p = 701: <6>
    p = 491: <1>
    p = 281: <6>
    p = 71: <1>
    p = 8093: <6>
    p = 7883: <1>
    p = 7673: <6>
    p = 7253: <6>
    p = 7043: <1>
    p = 6833: <6>
    p = 6203: <1>
    p = 5783: <1>
    p = 5573: <6>
    p = 5153: <6>
    p = 4943: <1>
    p = 4733: <6>
    p = 7687: <2, 3>
    p = 4523: <1>
    p = 7477: <5, 3>
    p = 7057: <1, 1>
    p = 6637: <4, 2>
    p = 6427: <1, 6>
    p = 6217: <6, 6>
    p = 6007: <6, 1>
    p = 2843: <1>
    p = 2633: <6>
    p = 2423: <1>
    p = 2213: <6>
    p = 5167: <1, 6>
    p = 4957: <3, 5>
    p = 2003: <1>
    p = 1583: <1>
    p = 4327: <4, 5>
    p = 1373: <6>
    p = 1163: <1>
    p = 953: <6>
    p = 3907: <3, 2>
    p = 3697: <4, 2>
    p = 743: <1>
    p = 3067: <4, 5>
    p = 113: <6>
    p = 2857: <3, 5>
    p = 2647: <4, 5>
    p = 2437: <4, 2>
    p = 2017: <6, 6>
    p = 1597: <6, 6>
    p = 967: <5, 4>
    p = 757: <5, 3>
    p = 547: <2, 3>
    p = 337: <5, 3>
    p = 127: <6, 1>
    p = 7309: <4, 2>
    p = 6679: <1, 6>
    p = 6469: <3, 5>
    p = 5839: <2, 3>
    p = 5419: <6, 1>
    p = 5209: <1, 1>
    p = 4999: <5, 4>
    p = 4789: <4, 2>
    p = 4159: <2, 3>
    p = 3739: <4, 5>
    p = 3529: <2, 4>
    p = 3319: <2, 3>
    p = 3109: <4, 2>
    p = 2689: <6, 6>
    p = 2269: <4, 2>
    p = 7757: <6>
    p = 7547: <1>
    p = 1429: <4, 2>
    p = 7127: <1>
    p = 1009: <5, 3>
    p = 6917: <6>
    p = 379: <4, 5>
    p = 6287: <1>
    p = 5867: <1>
    p = 5657: <6>
    p = 5237: <6>
    p = 8191: <1, 6>
    p = 4817: <6>
    p = 7561: <3, 5>
    p = 4397: <6>
    p = 7351: <2, 3>
    p = 3767: <1>
    p = 3557: <6>
    p = 3347: <1>
    p = 6301: <6, 6>
    p = 3137: <6>
    p = 6091: <1, 6>
    p = 2927: <1>
    p = 5881: <3, 5>
    p = 2297: <6>
    p = 2087: <1>
    p = 4831: <2, 3>
    p = 1877: <6>
    p = 1667: <1>
    p = 4621: <4, 2>
    p = 4201: <5, 3>
    p = 827: <1>
    p = 3571: <3, 2>
    p = 617: <6>
    p = 3361: <5, 3>
    p = 197: <6>
    p = 2731: <1, 6>
    p = 2521: <4, 2>
    p = 2311: <5, 4>
    p = 8009: <6>
    p = 7589: <6>
    p = 1471: <6, 1>
    p = 1051: <1, 6>
    p = 6959: <1>
    p = 631: <5, 4>
    p = 421: <3, 5>
    p = 6329: <6>

Character 4:
  - Conductor norm: 144
  - Order: 6
  - Values at primes:
    p = 211: <5, 4>
    p = 5279: <1>
    p = 4649: <6>
    p = 7603: <2, 3>
    p = 7393: <4, 2>
    p = 4229: <6>
    p = 4019: <1>
    p = 6763: <2, 3>
    p = 6553: <4, 2>
    p = 3389: <6>
    p = 6343: <3, 2>
    p = 6133: <1, 1>
    p = 2969: <6>
    p = 5923: <5, 4>
    p = 2549: <6>
    p = 5503: <6, 1>
    p = 2339: <1>
    p = 2129: <6>
    p = 1709: <6>
    p = 4663: <1, 6>
    p = 1499: <1>
    p = 1289: <6>
    p = 4243: <4, 5>
    p = 3823: <1, 6>
    p = 659: <1>
    p = 3613: <2, 4>
    p = 449: <6>
    p = 239: <1>
    p = 29: <6>
    p = 2143: <6, 1>
    p = 1933: <1, 1>
    p = 7841: <6>
    p = 1723: <6, 1>
    p = 1303: <2, 3>
    p = 7211: <1>
    p = 1093: <6, 6>
    p = 7001: <6>
    p = 883: <5, 4>
    p = 6791: <1>
    p = 673: <2, 4>
    p = 6581: <6>
    p = 463: <4, 5>
    p = 43: <1, 6>
    p = 5741: <6>
    p = 5531: <1>
    p = 4691: <1>
    p = 4481: <6>
    p = 4271: <1>
    p = 3851: <1>
    p = 3221: <6>
    p = 3011: <1>
    p = 2801: <6>
    p = 2591: <1>
    p = 2381: <6>
    p = 911: <1>
    p = 701: <6>
    p = 491: <1>
    p = 281: <6>
    p = 71: <1>
    p = 8093: <6>
    p = 7883: <1>
    p = 7673: <6>
    p = 7253: <6>
    p = 7043: <1>
    p = 6833: <6>
    p = 6203: <1>
    p = 5783: <1>
    p = 5573: <6>
    p = 5153: <6>
    p = 4943: <1>
    p = 4733: <6>
    p = 7687: <4, 5>
    p = 4523: <1>
    p = 7477: <3, 5>
    p = 7057: <1, 1>
    p = 6637: <2, 4>
    p = 6427: <1, 6>
    p = 6217: <6, 6>
    p = 6007: <6, 1>
    p = 2843: <1>
    p = 2633: <6>
    p = 2423: <1>
    p = 2213: <6>
    p = 5167: <1, 6>
    p = 4957: <5, 3>
    p = 2003: <1>
    p = 1583: <1>
    p = 4327: <2, 3>
    p = 1373: <6>
    p = 1163: <1>
    p = 953: <6>
    p = 3907: <5, 4>
    p = 3697: <2, 4>
    p = 743: <1>
    p = 3067: <2, 3>
    p = 113: <6>
    p = 2857: <5, 3>
    p = 2647: <2, 3>
    p = 2437: <2, 4>
    p = 2017: <6, 6>
    p = 1597: <6, 6>
    p = 967: <3, 2>
    p = 757: <3, 5>
    p = 547: <4, 5>
    p = 337: <3, 5>
    p = 127: <6, 1>
    p = 7309: <2, 4>
    p = 6679: <1, 6>
    p = 6469: <5, 3>
    p = 5839: <4, 5>
    p = 5419: <6, 1>
    p = 5209: <1, 1>
    p = 4999: <3, 2>
    p = 4789: <2, 4>
    p = 4159: <4, 5>
    p = 3739: <2, 3>
    p = 3529: <4, 2>
    p = 3319: <4, 5>
    p = 3109: <2, 4>
    p = 2689: <6, 6>
    p = 2269: <2, 4>
    p = 7757: <6>
    p = 7547: <1>
    p = 1429: <2, 4>
    p = 7127: <1>
    p = 1009: <3, 5>
    p = 6917: <6>
    p = 379: <2, 3>
    p = 6287: <1>
    p = 5867: <1>
    p = 5657: <6>
    p = 5237: <6>
    p = 8191: <1, 6>
    p = 4817: <6>
    p = 7561: <5, 3>
    p = 4397: <6>
    p = 7351: <4, 5>
    p = 3767: <1>
    p = 3557: <6>
    p = 3347: <1>
    p = 6301: <6, 6>
    p = 3137: <6>
    p = 6091: <1, 6>
    p = 2927: <1>
    p = 5881: <5, 3>
    p = 2297: <6>
    p = 2087: <1>
    p = 4831: <4, 5>
    p = 1877: <6>
    p = 1667: <1>
    p = 4621: <2, 4>
    p = 4201: <3, 5>
    p = 827: <1>
    p = 3571: <5, 4>
    p = 617: <6>
    p = 3361: <3, 5>
    p = 197: <6>
    p = 2731: <1, 6>
    p = 2521: <2, 4>
    p = 2311: <3, 2>
    p = 8009: <6>
    p = 7589: <6>
    p = 1471: <6, 1>
    p = 1051: <1, 6>
    p = 6959: <1>
    p = 631: <3, 2>
    p = 421: <5, 3>
    p = 6329: <6>

Roots of characteristic polynomials mod ell:
  p = 29: roots = {* 3^^2, 5^^2, 6^^2 *}
  p = 43: roots = {* 1^^2, 6^^4 *}
  p = 71: roots = {* 1^^4, 6^^2 *}
  p = 113: roots = {* 6^^6 *}
  p = 127: roots = {* 1^^2, 2, 4, 6^^2 *}
  p = 197: roots = {* 6^^6 *}
  p = 211: roots = {* 1^^2, 2, 3, 4, 5 *}
  p = 239: roots = {* 1^^4, 6^^2 *}
  p = 281: roots = {* 3^^2, 5^^2, 6^^2 *}
  p = 337: roots = {* 2, 3^^2, 4, 5^^2 *}
  p = 379: roots = {* 2^^2, 3, 4^^2, 5 *}
  p = 421: roots = {* 2, 3^^2, 4, 5^^2 *}
  p = 449: roots = {* 6^^6 *}
  p = 463: roots = {* 2^^2, 3, 4^^2, 5 *}
  p = 491: roots = {* 1^^4, 6^^2 *}
  p = 547: roots = {* 2^^2, 3, 4^^2, 5 *}
  p = 617: roots = {* 6^^6 *}
  p = 631: roots = {* 2, 3, 4, 5, 6^^2 *}
  p = 659: roots = {* 1^^4, 6^^2 *}
  p = 673: roots = {* 2^^3, 4^^3 *}
  p = 701: roots = {* 3^^2, 5^^2, 6^^2 *}
  p = 743: roots = {* 1^^4, 6^^2 *}
  p = 757: roots = {* 2, 3^^2, 4, 5^^2 *}
  p = 827: roots = {* 1^^4, 6^^2 *}
  p = 883: roots = {* 2, 3, 4, 5, 6^^2 *}
  p = 911: roots = {* 1^^4, 6^^2 *}
  p = 953: roots = {* 6^^6 *}
  p = 967: roots = {* 1^^2, 2, 3, 4, 5 *}
  p = 1009: roots = {* 2, 3^^2, 4, 5^^2 *}
  p = 1051: roots = {* 1^^2, 6^^4 *}
  p = 1093: roots = {* 6^^6 *}
  p = 1163: roots = {* 1^^4, 6^^2 *}
  p = 1289: roots = {* 6^^6 *}
  p = 1303: roots = {* 2, 3, 4, 5, 6^^2 *}
  p = 1373: roots = {* 6^^6 *}
  p = 1429: roots = {* 2^^2, 4^^2, 6^^2 *}
  p = 1471: roots = {* 1^^4, 6^^2 *}
  p = 1499: roots = {* 1^^4, 6^^2 *}
  p = 1583: roots = {* 1^^4, 6^^2 *}
  p = 1597: roots = {* 2, 4, 6^^4 *}
  p = 1667: roots = {* 1^^4, 6^^2 *}
  p = 1709: roots = {* 6^^6 *}
  p = 1723: roots = {* 1^^4, 6^^2 *}
  p = 1877: roots = {* 6^^6 *}
  p = 1933: roots = {* 1^^4, 3, 5 *}
  p = 2003: roots = {* 1^^4, 6^^2 *}
  p = 2017: roots = {* 2, 4, 6^^4 *}
  p = 2087: roots = {* 1^^4, 6^^2 *}
  p = 2129: roots = {* 6^^6 *}
  p = 2143: roots = {* 1^^2, 3, 5, 6^^2 *}
  p = 2213: roots = {* 6^^6 *}
  p = 2269: roots = {* 2^^3, 4^^3 *}
  p = 2297: roots = {* 6^^6 *}
  p = 2311: roots = {* 1^^2, 2, 3, 4, 5 *}
  p = 2339: roots = {* 1^^4, 6^^2 *}
  p = 2381: roots = {* 6^^6 *}
  p = 2423: roots = {* 1^^4, 6^^2 *}
  p = 2437: roots = {* 2^^2, 3, 4^^2, 5 *}
  p = 2521: roots = {* 2^^2, 4^^2, 6^^2 *}
  p = 2549: roots = {* 6^^6 *}
  p = 2591: roots = {* 1^^4, 6^^2 *}
  p = 2633: roots = {* 6^^6 *}
  p = 2647: roots = {* 2, 3^^2, 4, 5^^2 *}
  p = 2689: roots = {* 2, 4, 6^^4 *}
  p = 2731: roots = {* 1^^2, 3, 5, 6^^2 *}
  p = 2801: roots = {* 6^^6 *}
  p = 2843: roots = {* 1^^4, 6^^2 *}
  p = 2857: roots = {* 3^^3, 5^^3 *}
  p = 2927: roots = {* 1^^4, 6^^2 *}
  p = 2969: roots = {* 6^^6 *}
  p = 3011: roots = {* 1^^4, 6^^2 *}
  p = 3067: roots = {* 1^^2, 2, 3, 4, 5 *}
  p = 3109: roots = {* 2^^3, 4^^3 *}
  p = 3137: roots = {* 6^^6 *}
  p = 3221: roots = {* 6^^6 *}
  p = 3319: roots = {* 2^^2, 3, 4^^2, 5 *}
  p = 3347: roots = {* 1^^4, 6^^2 *}
  p = 3361: roots = {* 3^^3, 5^^3 *}
  p = 3389: roots = {* 6^^6 *}
  p = 3529: roots = {* 2^^2, 4^^2, 6^^2 *}
  p = 3557: roots = {* 6^^6 *}
  p = 3571: roots = {* 2, 3^^2, 4, 5^^2 *}
  p = 3613: roots = {* 2^^3, 4^^3 *}
  p = 3697: roots = {* 1^^2, 2^^2, 4^^2 *}
  p = 3739: roots = {* 2^^2, 3, 4^^2, 5 *}
  p = 3767: roots = {* 1^^4, 6^^2 *}
  p = 3823: roots = {* 1^^2, 6^^4 *}
  p = 3851: roots = {* 1^^4, 6^^2 *}
  p = 3907: roots = {* 1^^2, 2, 3, 4, 5 *}
  p = 4019: roots = {* 1^^4, 6^^2 *}
  p = 4159: roots = {* 2, 3^^2, 4, 5^^2 *}
  p = 4201: roots = {* 1^^2, 3^^2, 5^^2 *}
  p = 4229: roots = {* 6^^6 *}
  p = 4243: roots = {* 1^^2, 2, 3, 4, 5 *}
  p = 4271: roots = {* 1^^4, 6^^2 *}
  p = 4327: roots = {* 2, 3^^2, 4, 5^^2 *}
  p = 4397: roots = {* 6^^6 *}
  p = 4481: roots = {* 6^^6 *}
  p = 4523: roots = {* 1^^4, 6^^2 *}
  p = 4621: roots = {* 2^^2, 4^^2, 6^^2 *}
  p = 4649: roots = {* 6^^6 *}
  p = 4663: roots = {* 1^^2, 2, 4, 6^^2 *}
  p = 4691: roots = {* 1^^4, 6^^2 *}
  p = 4733: roots = {* 6^^6 *}
  p = 4789: roots = {* 2^^2, 4^^2, 6^^2 *}
  p = 4817: roots = {* 6^^6 *}
  p = 4831: roots = {* 2^^2, 3, 4^^2, 5 *}
  p = 4943: roots = {* 1^^4, 6^^2 *}
  p = 4957: roots = {* 2, 3^^2, 4, 5^^2 *}
  p = 4999: roots = {* 2^^2, 3, 4^^2, 5 *}
  p = 5153: roots = {* 6^^6 *}
  p = 5167: roots = {* 1^^2, 2, 4, 6^^2 *}
  p = 5209: roots = {* 1^^4, 6^^2 *}
  p = 5237: roots = {* 6^^6 *}
  p = 5279: roots = {* 1^^4, 6^^2 *}
  p = 5419: roots = {* 1^^2, 3, 5, 6^^2 *}
  p = 5503: roots = {* 1^^4, 6^^2 *}
  p = 5531: roots = {* 1^^4, 6^^2 *}
  p = 5573: roots = {* 6^^6 *}
  p = 5657: roots = {* 6^^6 *}
  p = 5741: roots = {* 6^^6 *}
  p = 5783: roots = {* 1^^4, 6^^2 *}
  p = 5839: roots = {* 2, 3, 4, 5, 6^^2 *}
  p = 5867: roots = {* 1^^4, 6^^2 *}
  p = 5881: roots = {* 1^^2, 3^^2, 5^^2 *}
  p = 5923: roots = {* 2, 3^^2, 4, 5^^2 *}
  p = 6007: roots = {* 1^^2, 3, 5, 6^^2 *}
  p = 6091: roots = {* 1^^2, 2, 4, 6^^2 *}
  p = 6133: roots = {* 1^^4, 2, 4 *}
  p = 6203: roots = {* 1^^4, 6^^2 *}
  p = 6217: roots = {* 1^^2, 6^^4 *}
  p = 6287: roots = {* 1^^4, 6^^2 *}
  p = 6301: roots = {* 2, 4, 6^^4 *}
  p = 6329: roots = {* 6^^6 *}
  p = 6343: roots = {* 2^^2, 3, 4^^2, 5 *}
  p = 6427: roots = {* 1^^2, 3, 5, 6^^2 *}
  p = 6469: roots = {* 2, 3^^2, 4, 5^^2 *}
  p = 6553: roots = {* 2^^3, 4^^3 *}
  p = 6581: roots = {* 6^^6 *}
  p = 6637: roots = {* 1^^2, 2^^2, 4^^2 *}
  p = 6679: roots = {* 1^^2, 2, 4, 6^^2 *}
  p = 6763: roots = {* 2, 3, 4, 5, 6^^2 *}
  p = 6791: roots = {* 1^^4, 6^^2 *}
  p = 6833: roots = {* 6^^6 *}
  p = 6917: roots = {* 6^^6 *}
  p = 6959: roots = {* 1^^4, 6^^2 *}
  p = 7001: roots = {* 6^^6 *}
  p = 7043: roots = {* 1^^4, 6^^2 *}
  p = 7057: roots = {* 1^^4, 6^^2 *}
  p = 7127: roots = {* 1^^4, 6^^2 *}
  p = 7211: roots = {* 1^^4, 6^^2 *}
  p = 7253: roots = {* 6^^6 *}
  p = 7309: roots = {* 2^^3, 4^^3 *}
  p = 7351: roots = {* 2, 3, 4, 5, 6^^2 *}
  p = 7393: roots = {* 2^^3, 4^^3 *}
  p = 7477: roots = {* 3^^2, 5^^2, 6^^2 *}
  p = 7547: roots = {* 1^^4, 6^^2 *}
  p = 7561: roots = {* 3^^3, 5^^3 *}
  p = 7589: roots = {* 6^^6 *}
  p = 7603: roots = {* 2^^2, 3, 4^^2, 5 *}
  p = 7673: roots = {* 6^^6 *}
  p = 7687: roots = {* 2^^2, 3, 4^^2, 5 *}
  p = 7757: roots = {* 6^^6 *}
  p = 7841: roots = {* 6^^6 *}
  p = 7883: roots = {* 1^^4, 6^^2 *}
  p = 8009: roots = {* 6^^6 *}
  p = 8093: roots = {* 6^^6 *}
  p = 8191: roots = {* 1^^2, 2, 4, 6^^2 *}

Total time: 5.070 seconds, Total memory usage: 32.09MB
